#
# There is insufficient memory for the Java Runtime Environment to continue.
# Native memory allocation (mmap) failed to map 195035136 bytes for committing reserved memory.
# Possible reasons:
#   The system is out of physical RAM or swap space
#   The process is running with CompressedOops enabled, and the Java Heap may be blocking the growth of the native heap
# Possible solutions:
#   Reduce memory load on the system
#   Increase physical memory or swap space
#   Check if swap backing store is full
#   Decrease Java heap size (-Xmx/-Xms)
#   Decrease number of Java threads
#   Decrease Java thread stack sizes (-Xss)
#   Set larger code cache with -XX:ReservedCodeCacheSize=
#   JVM is running with Zero Based Compressed Oops mode in which the Java heap is
#     placed in the first 32GB address space. The Java Heap base address is the
#     maximum limit for the native heap growth. Please use -XX:HeapBaseMinAddress
#     to set the Java Heap base and to place the Java Heap above 32GB virtual address.
# This output file may be truncated or incomplete.
#
#  Out of Memory Error (os_linux.cpp:2757), pid=23365, tid=0x00007f65334f4700
#
# JRE version: OpenJDK Runtime Environment (8.0_242-b08) (build 1.8.0_242-8u242-b08-0ubuntu3~18.04-b08)
# Java VM: OpenJDK 64-Bit Server VM (25.242-b08 mixed mode linux-amd64 compressed oops)
# Failed to write core dump. Core dumps have been disabled. To enable core dumping, try "ulimit -c unlimited" before starting Java again
#

---------------  T H R E A D  ---------------

Current thread (0x00007f65481c8000):  VMThread [stack: 0x00007f65333f5000,0x00007f65334f5000] [id=23428]

Stack: [0x00007f65333f5000,0x00007f65334f5000],  sp=0x00007f65334f3440,  free space=1017k
Native frames: (J=compiled Java code, j=interpreted, Vv=VM code, C=native code)
V  [libjvm.so+0xabba52]
V  [libjvm.so+0x4de2e7]
V  [libjvm.so+0x8f59f0]
V  [libjvm.so+0x8ecabe]
V  [libjvm.so+0x970456]
V  [libjvm.so+0x9717c8]
V  [libjvm.so+0x96ddc6]
V  [libjvm.so+0x966529]
V  [libjvm.so+0x458ce3]
V  [libjvm.so+0xabcbd1]
V  [libjvm.so+0xac2336]
V  [libjvm.so+0xac0635]
V  [libjvm.so+0xac0f0d]
V  [libjvm.so+0xac1318]
V  [libjvm.so+0x8f2d82]

VM_Operation (0x00007f6531a03ef0): CollectForMetadataAllocation, mode: safepoint, requested by thread 0x00007f65483b1800


---------------  P R O C E S S  ---------------

Java Threads: ( => current thread )
  0x00007f65483b1800 JavaThread "background-preinit" [_thread_blocked, id=23499, stack(0x00007f6531909000,0x00007f6531a0a000)]
  0x00007f6548213800 JavaThread "Service Thread" daemon [_thread_blocked, id=23477, stack(0x00007f6531f36000,0x00007f6532037000)]
  0x00007f6548210000 JavaThread "C1 CompilerThread3" daemon [_thread_blocked, id=23471, stack(0x00007f6532038000,0x00007f6532138000)]
  0x00007f654820e800 JavaThread "C2 CompilerThread2" daemon [_thread_blocked, id=23468, stack(0x00007f6532139000,0x00007f6532239000)]
  0x00007f654820c800 JavaThread "C2 CompilerThread1" daemon [_thread_blocked, id=23463, stack(0x00007f653223a000,0x00007f653233a000)]
  0x00007f6548209800 JavaThread "C2 CompilerThread0" daemon [_thread_blocked, id=23460, stack(0x00007f653233b000,0x00007f653243b000)]
  0x00007f6548208000 JavaThread "Signal Dispatcher" daemon [_thread_blocked, id=23457, stack(0x00007f653243b000,0x00007f653253c000)]
  0x00007f65481d6800 JavaThread "Finalizer" daemon [_thread_blocked, id=23441, stack(0x00007f65331f2000,0x00007f65332f3000)]
  0x00007f65481d2000 JavaThread "Reference Handler" daemon [_thread_blocked, id=23439, stack(0x00007f65332f3000,0x00007f65333f4000)]
  0x00007f654800b000 JavaThread "main" [_thread_blocked, id=23372, stack(0x00007f6551dd4000,0x00007f6551ed4000)]

Other Threads:
=>0x00007f65481c8000 VMThread [stack: 0x00007f65333f5000,0x00007f65334f5000] [id=23428]
  0x00007f6548215800 WatcherThread [stack: 0x00007f6531e36000,0x00007f6531f36000] [id=23479]

VM state:at safepoint (normal execution)

VM Mutex/Monitor currently owned by a thread:  ([mutex/lock_event])
[0x00007f6548007a60] Threads_lock - owner thread: 0x00007f65481c8000
[0x00007f6548007f60] Heap_lock - owner thread: 0x00007f65483b1800

heap address: 0x0000000706a00000, size: 2966 MB, Compressed Oops mode: Zero based, Oop shift amount: 3
Narrow klass base: 0x0000000000000000, Narrow klass shift: 3
Compressed class space size: 1073741824 Address: 0x00000007c0000000

Heap:
 PSYoungGen      total 200192K, used 5888K [0x0000000782380000, 0x000000078ee80000, 0x00000007c0000000)
  eden space 192512K, 0% used [0x0000000782380000,0x0000000782380000,0x000000078df80000)
  from space 7680K, 76% used [0x000000078df80000,0x000000078e540020,0x000000078e700000)
  to   space 7680K, 0% used [0x000000078e700000,0x000000078e700000,0x000000078ee80000)
 ParOldGen       total 126976K, used 32K [0x0000000706a00000, 0x000000070e600000, 0x0000000782380000)
  object space 126976K, 0% used [0x0000000706a00000,0x0000000706a08000,0x000000070e600000)
 Metaspace       used 20525K, capacity 21108K, committed 21248K, reserved 1067008K
  class space    used 2564K, capacity 2734K, committed 2816K, reserved 1048576K

Card table byte_map: [0x00007f654dd9b000,0x00007f654e367000] byte_map_base: 0x00007f654a566000

Marking Bits: (ParMarkBitMap*) 0x00007f655106a3e0
 Begin Bits: [0x00007f650a350000, 0x00007f650d1a8000)
 End Bits:   [0x00007f650d1a8000, 0x00007f6510000000)

Polling page: 0x00007f6551eeb000

CodeCache: size=245760Kb used=5336Kb max_used=5339Kb free=240423Kb
 bounds [0x00007f6539000000, 0x00007f6539540000, 0x00007f6548000000]
 total_blobs=1915 nmethods=1551 adapters=278
 compilation: enabled

Compilation events (10 events):
Event: 1160.723 Thread 0x00007f6548210000 1773       3       java.util.LinkedHashMap::<init> (11 bytes)
Event: 1160.724 Thread 0x00007f6548210000 nmethod 1773 0x00007f65394f5710 code [0x00007f65394f58a0, 0x00007f65394f5aa8]
Event: 1160.730 Thread 0x00007f6548210000 1774       3       java.util.WeakHashMap::maskNull (12 bytes)
Event: 1160.730 Thread 0x00007f6548210000 nmethod 1774 0x00007f65394f5390 code [0x00007f65394f5500, 0x00007f65394f5690]
Event: 1160.730 Thread 0x00007f6548210000 1775       3       java.util.WeakHashMap::hash (28 bytes)
Event: 1160.730 Thread 0x00007f6548210000 nmethod 1775 0x00007f65394f4f10 code [0x00007f65394f5080, 0x00007f65394f52c8]
Event: 1160.780 Thread 0x00007f6548210000 1776       3       java.util.HashSet::<init> (18 bytes)
Event: 1160.780 Thread 0x00007f6548210000 nmethod 1776 0x00007f65394f4810 code [0x00007f65394f49a0, 0x00007f65394f4d48]
Event: 1160.780 Thread 0x00007f6548210000 1777       3       java.util.LinkedHashMap::<init> (12 bytes)
Event: 1160.780 Thread 0x00007f6548210000 nmethod 1777 0x00007f65394f4450 code [0x00007f65394f45c0, 0x00007f65394f4768]

GC Heap History (9 events):
Event: 1.086 GC heap before
{Heap before GC invocations=1 (full 0):
 PSYoungGen      total 55808K, used 48128K [0x0000000782380000, 0x0000000786180000, 0x00000007c0000000)
  eden space 48128K, 100% used [0x0000000782380000,0x0000000785280000,0x0000000785280000)
  from space 7680K, 0% used [0x0000000785a00000,0x0000000785a00000,0x0000000786180000)
  to   space 7680K, 0% used [0x0000000785280000,0x0000000785280000,0x0000000785a00000)
 ParOldGen       total 126976K, used 0K [0x0000000706a00000, 0x000000070e600000, 0x0000000782380000)
  object space 126976K, 0% used [0x0000000706a00000,0x0000000706a00000,0x000000070e600000)
 Metaspace       used 5906K, capacity 6086K, committed 6400K, reserved 1056768K
  class space    used 615K, capacity 687K, committed 768K, reserved 1048576K
Event: 1.099 GC heap after
Heap after GC invocations=1 (full 0):
 PSYoungGen      total 55808K, used 2256K [0x0000000782380000, 0x0000000789080000, 0x00000007c0000000)
  eden space 48128K, 0% used [0x0000000782380000,0x0000000782380000,0x0000000785280000)
  from space 7680K, 29% used [0x0000000785280000,0x00000007854b4010,0x0000000785a00000)
  to   space 7680K, 0% used [0x0000000788900000,0x0000000788900000,0x0000000789080000)
 ParOldGen       total 126976K, used 8K [0x0000000706a00000, 0x000000070e600000, 0x0000000782380000)
  object space 126976K, 0% used [0x0000000706a00000,0x0000000706a02000,0x000000070e600000)
 Metaspace       used 5906K, capacity 6086K, committed 6400K, reserved 1056768K
  class space    used 615K, capacity 687K, committed 768K, reserved 1048576K
}
Event: 1.871 GC heap before
{Heap before GC invocations=2 (full 0):
 PSYoungGen      total 55808K, used 50384K [0x0000000782380000, 0x0000000789080000, 0x00000007c0000000)
  eden space 48128K, 100% used [0x0000000782380000,0x0000000785280000,0x0000000785280000)
  from space 7680K, 29% used [0x0000000785280000,0x00000007854b4010,0x0000000785a00000)
  to   space 7680K, 0% used [0x0000000788900000,0x0000000788900000,0x0000000789080000)
 ParOldGen       total 126976K, used 8K [0x0000000706a00000, 0x000000070e600000, 0x0000000782380000)
  object space 126976K, 0% used [0x0000000706a00000,0x0000000706a02000,0x000000070e600000)
 Metaspace       used 7755K, capacity 7998K, committed 8192K, reserved 1056768K
  class space    used 827K, capacity 919K, committed 1024K, reserved 1048576K
Event: 1.879 GC heap after
Heap after GC invocations=2 (full 0):
 PSYoungGen      total 103936K, used 2464K [0x0000000782380000, 0x0000000789080000, 0x00000007c0000000)
  eden space 96256K, 0% used [0x0000000782380000,0x0000000782380000,0x0000000788180000)
  from space 7680K, 32% used [0x0000000788900000,0x0000000788b68020,0x0000000789080000)
  to   space 7680K, 0% used [0x0000000788180000,0x0000000788180000,0x0000000788900000)
 ParOldGen       total 126976K, used 8K [0x0000000706a00000, 0x000000070e600000, 0x0000000782380000)
  object space 126976K, 0% used [0x0000000706a00000,0x0000000706a02000,0x000000070e600000)
 Metaspace       used 7755K, capacity 7998K, committed 8192K, reserved 1056768K
  class space    used 827K, capacity 919K, committed 1024K, reserved 1048576K
}
Event: 5.736 GC heap before
{Heap before GC invocations=3 (full 0):
 PSYoungGen      total 103936K, used 98720K [0x0000000782380000, 0x0000000789080000, 0x00000007c0000000)
  eden space 96256K, 100% used [0x0000000782380000,0x0000000788180000,0x0000000788180000)
  from space 7680K, 32% used [0x0000000788900000,0x0000000788b68020,0x0000000789080000)
  to   space 7680K, 0% used [0x0000000788180000,0x0000000788180000,0x0000000788900000)
 ParOldGen       total 126976K, used 8K [0x0000000706a00000, 0x000000070e600000, 0x0000000782380000)
  object space 126976K, 0% used [0x0000000706a00000,0x0000000706a02000,0x000000070e600000)
 Metaspace       used 11499K, capacity 11874K, committed 12032K, reserved 1060864K
  class space    used 1301K, capacity 1431K, committed 1536K, reserved 1048576K
Event: 5.837 GC heap after
Heap after GC invocations=3 (full 0):
 PSYoungGen      total 103936K, used 3584K [0x0000000782380000, 0x000000078ee80000, 0x00000007c0000000)
  eden space 96256K, 0% used [0x0000000782380000,0x0000000782380000,0x0000000788180000)
  from space 7680K, 46% used [0x0000000788180000,0x0000000788500000,0x0000000788900000)
  to   space 7680K, 0% used [0x000000078e700000,0x000000078e700000,0x000000078ee80000)
 ParOldGen       total 126976K, used 16K [0x0000000706a00000, 0x000000070e600000, 0x0000000782380000)
  object space 126976K, 0% used [0x0000000706a00000,0x0000000706a04000,0x000000070e600000)
 Metaspace       used 11499K, capacity 11874K, committed 12032K, reserved 1060864K
  class space    used 1301K, capacity 1431K, committed 1536K, reserved 1048576K
}
Event: 169.215 GC heap before
{Heap before GC invocations=4 (full 0):
 PSYoungGen      total 103936K, used 99840K [0x0000000782380000, 0x000000078ee80000, 0x00000007c0000000)
  eden space 96256K, 100% used [0x0000000782380000,0x0000000788180000,0x0000000788180000)
  from space 7680K, 46% used [0x0000000788180000,0x0000000788500000,0x0000000788900000)
  to   space 7680K, 0% used [0x000000078e700000,0x000000078e700000,0x000000078ee80000)
 ParOldGen       total 126976K, used 16K [0x0000000706a00000, 0x000000070e600000, 0x0000000782380000)
  object space 126976K, 0% used [0x0000000706a00000,0x0000000706a04000,0x000000070e600000)
 Metaspace       used 13336K, capacity 13764K, committed 13824K, reserved 1060864K
  class space    used 1635K, capacity 1776K, committed 1792K, reserved 1048576K
Event: 182.826 GC heap after
Heap after GC invocations=4 (full 0):
 PSYoungGen      total 200192K, used 4224K [0x0000000782380000, 0x000000078ee80000, 0x00000007c0000000)
  eden space 192512K, 0% used [0x0000000782380000,0x0000000782380000,0x000000078df80000)
  from space 7680K, 55% used [0x000000078e700000,0x000000078eb20000,0x000000078ee80000)
  to   space 7680K, 0% used [0x000000078df80000,0x000000078df80000,0x000000078e700000)
 ParOldGen       total 126976K, used 24K [0x0000000706a00000, 0x000000070e600000, 0x0000000782380000)
  object space 126976K, 0% used [0x0000000706a00000,0x0000000706a06000,0x000000070e600000)
 Metaspace       used 13336K, capacity 13764K, committed 13824K, reserved 1060864K
  class space    used 1635K, capacity 1776K, committed 1792K, reserved 1048576K
}
Event: 1161.015 GC heap before
{Heap before GC invocations=5 (full 0):
 PSYoungGen      total 200192K, used 155555K [0x0000000782380000, 0x000000078ee80000, 0x00000007c0000000)
  eden space 192512K, 78% used [0x0000000782380000,0x000000078b748d60,0x000000078df80000)
  from space 7680K, 55% used [0x000000078e700000,0x000000078eb20000,0x000000078ee80000)
  to   space 7680K, 0% used [0x000000078df80000,0x000000078df80000,0x000000078e700000)
 ParOldGen       total 126976K, used 24K [0x0000000706a00000, 0x000000070e600000, 0x0000000782380000)
  object space 126976K, 0% used [0x0000000706a00000,0x0000000706a06000,0x000000070e600000)
 Metaspace       used 20525K, capacity 21108K, committed 21248K, reserved 1067008K
  class space    used 2564K, capacity 2734K, committed 2816K, reserved 1048576K

Deoptimization events (10 events):
Event: 602.518 Thread 0x00007f65483b1800 Uncommon trap: reason=unstable_if action=reinterpret pc=0x00007f6539357fb0 method=java.util.HashMap.getNode(ILjava/lang/Object;)Ljava/util/HashMap$Node; @ 129
Event: 603.392 Thread 0x00007f654800b000 Uncommon trap: reason=unstable_if action=reinterpret pc=0x00007f653941a1dc method=java.util.concurrent.ConcurrentHashMap.addCount(JI)V @ 34
Event: 1148.531 Thread 0x00007f65483b1800 Uncommon trap: reason=class_check action=maybe_recompile pc=0x00007f65394a649c method=java.util.HashMap.putVal(ILjava/lang/Object;Ljava/lang/Object;ZZ)Ljava/lang/Object; @ 203
Event: 1148.635 Thread 0x00007f65483b1800 Uncommon trap: reason=class_check action=maybe_recompile pc=0x00007f65394a649c method=java.util.HashMap.putVal(ILjava/lang/Object;Ljava/lang/Object;ZZ)Ljava/lang/Object; @ 203
Event: 1148.774 Thread 0x00007f65483b1800 Uncommon trap: reason=class_check action=maybe_recompile pc=0x00007f65394a649c method=java.util.HashMap.putVal(ILjava/lang/Object;Ljava/lang/Object;ZZ)Ljava/lang/Object; @ 203
Event: 1148.942 Thread 0x00007f65483b1800 Uncommon trap: reason=unstable_if action=reinterpret pc=0x00007f65393e7c04 method=java.util.BitSet.get(I)Z @ 60
Event: 1148.973 Thread 0x00007f65483b1800 Uncommon trap: reason=unstable_if action=reinterpret pc=0x00007f65393d6060 method=java.util.jar.Manifest$FastInputStream.readLine([BII)I @ 87
Event: 1149.291 Thread 0x00007f654800b000 Uncommon trap: reason=null_check action=make_not_entrant pc=0x00007f653948aae4 method=java.lang.Boolean.equals(Ljava/lang/Object;)Z @ 1
Event: 1149.796 Thread 0x00007f65483b1800 Uncommon trap: reason=predicate action=maybe_recompile pc=0x00007f653926a288 method=java.util.Arrays.binarySearch0([Ljava/lang/Object;IILjava/lang/Object;)I @ 15
Event: 1155.288 Thread 0x00007f65483b1800 Uncommon trap: reason=unstable_if action=reinterpret pc=0x00007f65392c23e4 method=jdk.internal.org.objectweb.asm.Type.getArgumentsAndReturnSizes(Ljava/lang/String;)I @ 47

Classes redefined (0 events):
No events

Internal exceptions (10 events):
Event: 1150.068 Thread 0x00007f654800b000 Exception <a 'java/lang/ClassNotFoundException': org/springframework/beans/factory/config/BeanFactoryPostProcessorCustomizer> (0x0000000788a95368) thrown at [/build/openjdk-8-58sEEn/openjdk-8-8u242-b08/src/hotspot/src/share/vm/classfile/systemDictionary.c
Event: 1150.069 Thread 0x00007f654800b000 Exception <a 'java/lang/ClassNotFoundException': org/springframework/core/PriorityOrderedCustomizer> (0x0000000788b1c2c8) thrown at [/build/openjdk-8-58sEEn/openjdk-8-8u242-b08/src/hotspot/src/share/vm/classfile/systemDictionary.cpp, line 210]
Event: 1150.087 Thread 0x00007f654800b000 Exception <a 'java/lang/ClassNotFoundException': org/springframework/core/OrderedCustomizer> (0x0000000788b9a150) thrown at [/build/openjdk-8-58sEEn/openjdk-8-8u242-b08/src/hotspot/src/share/vm/classfile/systemDictionary.cpp, line 210]
Event: 1150.089 Thread 0x00007f654800b000 Exception <a 'java/lang/ClassNotFoundException': org/springframework/context/ResourceLoaderAwareCustomizer> (0x0000000788c28c60) thrown at [/build/openjdk-8-58sEEn/openjdk-8-8u242-b08/src/hotspot/src/share/vm/classfile/systemDictionary.cpp, line 210]
Event: 1150.090 Thread 0x00007f654800b000 Exception <a 'java/lang/ClassNotFoundException': org/springframework/beans/factory/AwareCustomizer> (0x0000000788caf910) thrown at [/build/openjdk-8-58sEEn/openjdk-8-8u242-b08/src/hotspot/src/share/vm/classfile/systemDictionary.cpp, line 210]
Event: 1150.091 Thread 0x00007f654800b000 Exception <a 'java/lang/ClassNotFoundException': org/springframework/beans/factory/BeanClassLoaderAwareCustomizer> (0x0000000788d44b60) thrown at [/build/openjdk-8-58sEEn/openjdk-8-8u242-b08/src/hotspot/src/share/vm/classfile/systemDictionary.cpp, line 21
Event: 1150.093 Thread 0x00007f654800b000 Exception <a 'java/lang/ClassNotFoundException': org/springframework/beans/factory/AwareCustomizer> (0x0000000788dcb808) thrown at [/build/openjdk-8-58sEEn/openjdk-8-8u242-b08/src/hotspot/src/share/vm/classfile/systemDictionary.cpp, line 210]
Event: 1150.123 Thread 0x00007f654800b000 Exception <a 'java/lang/ClassNotFoundException': org/springframework/context/EnvironmentAwareCustomizer> (0x0000000788e55a78) thrown at [/build/openjdk-8-58sEEn/openjdk-8-8u242-b08/src/hotspot/src/share/vm/classfile/systemDictionary.cpp, line 210]
Event: 1150.125 Thread 0x00007f654800b000 Exception <a 'java/lang/ClassNotFoundException': org/springframework/beans/factory/AwareCustomizer> (0x0000000788edc600) thrown at [/build/openjdk-8-58sEEn/openjdk-8-8u242-b08/src/hotspot/src/share/vm/classfile/systemDictionary.cpp, line 210]
Event: 1155.618 Thread 0x00007f65483b1800 Exception <a 'java/lang/IncompatibleClassChangeError': Found class java.lang.Object, but interface was expected> (0x000000078acab708) thrown at [/build/openjdk-8-58sEEn/openjdk-8-8u242-b08/src/hotspot/src/share/vm/interpreter/linkResolver.cpp, line 653]

Events (10 events):
Event: 1160.274 loading class org/springframework/boot/autoconfigure/condition/OnBeanCondition$SingleCandidateBeanSearchSpec done
Event: 1160.633 loading class com/fasterxml/jackson/dataformat/xml/deser/FromXmlParser
Event: 1160.633 loading class com/fasterxml/jackson/dataformat/xml/deser/FromXmlParser done
Event: 1160.730 loading class com/fasterxml/jackson/dataformat/xml/ser/ToXmlGenerator
Event: 1160.730 loading class com/fasterxml/jackson/dataformat/xml/ser/ToXmlGenerator done
Event: 1160.962 loading class com/fasterxml/jackson/dataformat/xml/ser/XmlSerializerProvider
Event: 1160.962 loading class com/fasterxml/jackson/dataformat/xml/ser/XmlSerializerProvider done
Event: 1160.963 loading class com/fasterxml/jackson/dataformat/xml/XmlFactory
Event: 1160.963 loading class com/fasterxml/jackson/dataformat/xml/XmlFactory done
Event: 1160.986 Executing VM operation: CollectForMetadataAllocation


Dynamic libraries:
706a00000-70e600000 rw-p 00000000 00:00 0 
70e600000-782380000 ---p 00000000 00:00 0 
782380000-78ee80000 rw-p 00000000 00:00 0 
79a880000-7c0000000 ---p 00000000 00:00 0 
7c0000000-7c02c0000 rw-p 00000000 00:00 0 
7c02c0000-800000000 ---p 00000000 00:00 0 
55b126a17000-55b126a18000 r-xp 00000000 08:15 6164887                    /usr/lib/jvm/java-8-openjdk-amd64/jre/bin/java
55b126c17000-55b126c18000 r--p 00000000 08:15 6164887                    /usr/lib/jvm/java-8-openjdk-amd64/jre/bin/java
55b126c18000-55b126c19000 rw-p 00001000 08:15 6164887                    /usr/lib/jvm/java-8-openjdk-amd64/jre/bin/java
55b12706d000-55b12708e000 rw-p 00000000 00:00 0                          [heap]
7f64d4000000-7f64d4021000 rw-p 00000000 00:00 0 
7f64d4021000-7f64d8000000 ---p 00000000 00:00 0 
7f64dc000000-7f64dc021000 rw-p 00000000 00:00 0 
7f64dc021000-7f64e0000000 ---p 00000000 00:00 0 
7f64e0000000-7f64e0887000 rw-p 00000000 00:00 0 
7f64e0887000-7f64e4000000 ---p 00000000 00:00 0 
7f64e4000000-7f64e461e000 rw-p 00000000 00:00 0 
7f64e461e000-7f64e8000000 ---p 00000000 00:00 0 
7f64e8000000-7f64e8021000 rw-p 00000000 00:00 0 
7f64e8021000-7f64ec000000 ---p 00000000 00:00 0 
7f64ec000000-7f64eca23000 rw-p 00000000 00:00 0 
7f64eca23000-7f64f0000000 ---p 00000000 00:00 0 
7f64f0000000-7f64f19a3000 rw-p 00000000 00:00 0 
7f64f19a3000-7f64f4000000 ---p 00000000 00:00 0 
7f64f4000000-7f64f4021000 rw-p 00000000 00:00 0 
7f64f4021000-7f64f8000000 ---p 00000000 00:00 0 
7f64f8000000-7f64f96bf000 rw-p 00000000 00:00 0 
7f64f96bf000-7f64fc000000 ---p 00000000 00:00 0 
7f64fc000000-7f64fc021000 rw-p 00000000 00:00 0 
7f64fc021000-7f6500000000 ---p 00000000 00:00 0 
7f6500000000-7f6500021000 rw-p 00000000 00:00 0 
7f6500021000-7f6504000000 ---p 00000000 00:00 0 
7f6504000000-7f6504051000 rw-p 00000000 00:00 0 
7f6504051000-7f6508000000 ---p 00000000 00:00 0 
7f650a350000-7f6510000000 rw-p 00000000 00:00 0 
7f6510000000-7f6510021000 rw-p 00000000 00:00 0 
7f6510021000-7f6514000000 ---p 00000000 00:00 0 
7f6514000000-7f6514021000 rw-p 00000000 00:00 0 
7f6514021000-7f6518000000 ---p 00000000 00:00 0 
7f6518000000-7f6518021000 rw-p 00000000 00:00 0 
7f6518021000-7f651c000000 ---p 00000000 00:00 0 
7f6520000000-7f6520021000 rw-p 00000000 00:00 0 
7f6520021000-7f6524000000 ---p 00000000 00:00 0 
7f6524000000-7f6524021000 rw-p 00000000 00:00 0 
7f6524021000-7f6528000000 ---p 00000000 00:00 0 
7f6528000000-7f6528021000 rw-p 00000000 00:00 0 
7f6528021000-7f652c000000 ---p 00000000 00:00 0 
7f652c000000-7f652c021000 rw-p 00000000 00:00 0 
7f652c021000-7f6530000000 ---p 00000000 00:00 0 
7f65305d9000-7f65307d9000 rw-p 00000000 00:00 0 
7f65307d9000-7f65309d9000 rw-p 00000000 00:00 0 
7f65309d9000-7f6530bd9000 rw-p 00000000 00:00 0 
7f6530bd9000-7f6530be2000 r-xp 00000000 08:15 6164923                    /usr/lib/jvm/java-8-openjdk-amd64/jre/lib/amd64/libmanagement.so
7f6530be2000-7f6530de1000 ---p 00009000 08:15 6164923                    /usr/lib/jvm/java-8-openjdk-amd64/jre/lib/amd64/libmanagement.so
7f6530de1000-7f6530de2000 r--p 00008000 08:15 6164923                    /usr/lib/jvm/java-8-openjdk-amd64/jre/lib/amd64/libmanagement.so
7f6530de2000-7f6530de3000 rw-p 00009000 08:15 6164923                    /usr/lib/jvm/java-8-openjdk-amd64/jre/lib/amd64/libmanagement.so
7f6530de3000-7f6530dfa000 r-xp 00000000 08:15 4723628                    /lib/x86_64-linux-gnu/libresolv-2.27.so
7f6530dfa000-7f6530ffa000 ---p 00017000 08:15 4723628                    /lib/x86_64-linux-gnu/libresolv-2.27.so
7f6530ffa000-7f6530ffb000 r--p 00017000 08:15 4723628                    /lib/x86_64-linux-gnu/libresolv-2.27.so
7f6530ffb000-7f6530ffc000 rw-p 00018000 08:15 4723628                    /lib/x86_64-linux-gnu/libresolv-2.27.so
7f6530ffc000-7f6530ffe000 rw-p 00000000 00:00 0 
7f6530ffe000-7f6531003000 r-xp 00000000 08:15 4723577                    /lib/x86_64-linux-gnu/libnss_dns-2.27.so
7f6531003000-7f6531203000 ---p 00005000 08:15 4723577                    /lib/x86_64-linux-gnu/libnss_dns-2.27.so
7f6531203000-7f6531204000 r--p 00005000 08:15 4723577                    /lib/x86_64-linux-gnu/libnss_dns-2.27.so
7f6531204000-7f6531205000 rw-p 00006000 08:15 4723577                    /lib/x86_64-linux-gnu/libnss_dns-2.27.so
7f6531205000-7f6531207000 r-xp 00000000 08:15 4723585                    /lib/x86_64-linux-gnu/libnss_mdns4_minimal.so.2
7f6531207000-7f6531406000 ---p 00002000 08:15 4723585                    /lib/x86_64-linux-gnu/libnss_mdns4_minimal.so.2
7f6531406000-7f6531407000 r--p 00001000 08:15 4723585                    /lib/x86_64-linux-gnu/libnss_mdns4_minimal.so.2
7f6531407000-7f6531408000 rw-p 00002000 08:15 4723585                    /lib/x86_64-linux-gnu/libnss_mdns4_minimal.so.2
7f6531408000-7f653140b000 ---p 00000000 00:00 0 
7f653140b000-7f6531709000 rw-p 00000000 00:00 0 
7f6531709000-7f6531909000 rw-p 00000000 00:00 0 
7f6531909000-7f653190c000 ---p 00000000 00:00 0 
7f653190c000-7f6531a0a000 rw-p 00000000 00:00 0 
7f6531a0a000-7f6531a21000 r-xp 00000000 08:15 6164925                    /usr/lib/jvm/java-8-openjdk-amd64/jre/lib/amd64/libnet.so
7f6531a21000-7f6531c20000 ---p 00017000 08:15 6164925                    /usr/lib/jvm/java-8-openjdk-amd64/jre/lib/amd64/libnet.so
7f6531c20000-7f6531c21000 r--p 00016000 08:15 6164925                    /usr/lib/jvm/java-8-openjdk-amd64/jre/lib/amd64/libnet.so
7f6531c21000-7f6531c22000 rw-p 00017000 08:15 6164925                    /usr/lib/jvm/java-8-openjdk-amd64/jre/lib/amd64/libnet.so
7f6531c22000-7f6531c33000 r-xp 00000000 08:15 6164926                    /usr/lib/jvm/java-8-openjdk-amd64/jre/lib/amd64/libnio.so
7f6531c33000-7f6531e33000 ---p 00011000 08:15 6164926                    /usr/lib/jvm/java-8-openjdk-amd64/jre/lib/amd64/libnio.so
7f6531e33000-7f6531e34000 r--p 00011000 08:15 6164926                    /usr/lib/jvm/java-8-openjdk-amd64/jre/lib/amd64/libnio.so
7f6531e34000-7f6531e35000 rw-p 00012000 08:15 6164926                    /usr/lib/jvm/java-8-openjdk-amd64/jre/lib/amd64/libnio.so
7f6531e35000-7f6531e36000 ---p 00000000 00:00 0 
7f6531e36000-7f6531f36000 rw-p 00000000 00:00 0 
7f6531f36000-7f6531f39000 ---p 00000000 00:00 0 
7f6531f39000-7f6532037000 rw-p 00000000 00:00 0 
7f6532037000-7f6532038000 ---p 00000000 00:00 0 
7f6532038000-7f653203b000 ---p 00000000 00:00 0 
7f653203b000-7f6532138000 rw-p 00000000 00:00 0 
7f6532138000-7f6532139000 ---p 00000000 00:00 0 
7f6532139000-7f653213c000 ---p 00000000 00:00 0 
7f653213c000-7f6532239000 rw-p 00000000 00:00 0 
7f6532239000-7f653223a000 ---p 00000000 00:00 0 
7f653223a000-7f653223d000 ---p 00000000 00:00 0 
7f653223d000-7f653233a000 rw-p 00000000 00:00 0 
7f653233a000-7f653233b000 ---p 00000000 00:00 0 
7f653233b000-7f653233e000 ---p 00000000 00:00 0 
7f653233e000-7f653243b000 rw-p 00000000 00:00 0 
7f653243b000-7f653243e000 ---p 00000000 00:00 0 
7f653243e000-7f653253c000 rw-p 00000000 00:00 0 
7f653253c000-7f65331f2000 r--p 00000000 08:15 6167238                    /usr/lib/locale/locale-archive
7f65331f2000-7f65331f5000 ---p 00000000 00:00 0 
7f65331f5000-7f65332f3000 rw-p 00000000 00:00 0 
7f65332f3000-7f65332f6000 ---p 00000000 00:00 0 
7f65332f6000-7f65333f4000 rw-p 00000000 00:00 0 
7f65333f4000-7f65333f5000 ---p 00000000 00:00 0 
7f65333f5000-7f6534000000 rw-p 00000000 00:00 0 
7f6534000000-7f6534021000 rw-p 00000000 00:00 0 
7f6534021000-7f6538000000 ---p 00000000 00:00 0 
7f65380f1000-7f6539000000 rw-p 00000000 00:00 0 
7f6539000000-7f6539540000 rwxp 00000000 00:00 0 
7f6539540000-7f6548000000 ---p 00000000 00:00 0 
7f6548000000-7f6548a1f000 rw-p 00000000 00:00 0 
7f6548a1f000-7f654c000000 ---p 00000000 00:00 0 
7f654c05a000-7f654c05f000 r--s 02cfd000 08:15 3935651                    /home/mary/projetcs/springBootServices/eurekaServer/target/eurekaServer-0.0.1-SNAPSHOT.jar
7f654c05f000-7f654c069000 r--s 00116000 08:15 6164957                    /usr/lib/jvm/java-8-openjdk-amd64/jre/lib/ext/localedata.jar
7f654c069000-7f654c06b000 r--s 00001000 08:15 6164954                    /usr/lib/jvm/java-8-openjdk-amd64/jre/lib/ext/dnsns.jar
7f654c06b000-7f654c06e000 r--s 0000f000 08:15 6164955                    /usr/lib/jvm/java-8-openjdk-amd64/jre/lib/ext/icedtea-sound.jar
7f654c06e000-7f654c089000 r--s 001d6000 08:15 6164958                    /usr/lib/jvm/java-8-openjdk-amd64/jre/lib/ext/nashorn.jar
7f654c089000-7f654c0a4000 r--s 00394000 08:15 6164953                    /usr/lib/jvm/java-8-openjdk-amd64/jre/lib/ext/cldrdata.jar
7f654c0a4000-7f654c1a5000 rw-p 00000000 00:00 0 
7f654c1a5000-7f654c375000 r--s 03c68000 08:15 6164982                    /usr/lib/jvm/java-8-openjdk-amd64/jre/lib/rt.jar
7f654c375000-7f654d1b6000 rw-p 00000000 00:00 0 
7f654d1b6000-7f654d1b7000 ---p 00000000 00:00 0 
7f654d1b7000-7f654d2b7000 rw-p 00000000 00:00 0 
7f654d2b7000-7f654d2b8000 ---p 00000000 00:00 0 
7f654d2b8000-7f654d3b8000 rw-p 00000000 00:00 0 
7f654d3b8000-7f654d3b9000 ---p 00000000 00:00 0 
7f654d3b9000-7f654d4b9000 rw-p 00000000 00:00 0 
7f654d4b9000-7f654d4ba000 ---p 00000000 00:00 0 
7f654d4ba000-7f654d5ba000 rw-p 00000000 00:00 0 
7f654d5ba000-7f654d5bb000 ---p 00000000 00:00 0 
7f654d5bb000-7f654d6bb000 rw-p 00000000 00:00 0 
7f654d6bb000-7f654d6bc000 ---p 00000000 00:00 0 
7f654d6bc000-7f654d7bc000 rw-p 00000000 00:00 0 
7f654d7bc000-7f654d7bd000 ---p 00000000 00:00 0 
7f654d7bd000-7f654d8bd000 rw-p 00000000 00:00 0 
7f654d8bd000-7f654d8be000 ---p 00000000 00:00 0 
7f654d8be000-7f654d9fc000 rw-p 00000000 00:00 0 
7f654d9fc000-7f654dd9b000 ---p 00000000 00:00 0 
7f654dd9b000-7f654ddd9000 rw-p 00000000 00:00 0 
7f654ddd9000-7f654e177000 ---p 00000000 00:00 0 
7f654e177000-7f654e1de000 rw-p 00000000 00:00 0 
7f654e1de000-7f654e366000 ---p 00000000 00:00 0 
7f654e366000-7f654e37c000 rw-p 00000000 00:00 0 
7f654e37c000-7f654e727000 ---p 00000000 00:00 0 
7f654e727000-7f654e72f000 r-xp 00000000 08:15 6164939                    /usr/lib/jvm/java-8-openjdk-amd64/jre/lib/amd64/libzip.so
7f654e72f000-7f654e92e000 ---p 00008000 08:15 6164939                    /usr/lib/jvm/java-8-openjdk-amd64/jre/lib/amd64/libzip.so
7f654e92e000-7f654e92f000 r--p 00007000 08:15 6164939                    /usr/lib/jvm/java-8-openjdk-amd64/jre/lib/amd64/libzip.so
7f654e92f000-7f654e930000 rw-p 00008000 08:15 6164939                    /usr/lib/jvm/java-8-openjdk-amd64/jre/lib/amd64/libzip.so
7f654e930000-7f654e93b000 r-xp 00000000 08:15 4723579                    /lib/x86_64-linux-gnu/libnss_files-2.27.so
7f654e93b000-7f654eb3a000 ---p 0000b000 08:15 4723579                    /lib/x86_64-linux-gnu/libnss_files-2.27.so
7f654eb3a000-7f654eb3b000 r--p 0000a000 08:15 4723579                    /lib/x86_64-linux-gnu/libnss_files-2.27.so
7f654eb3b000-7f654eb3c000 rw-p 0000b000 08:15 4723579                    /lib/x86_64-linux-gnu/libnss_files-2.27.so
7f654eb3c000-7f654eb42000 rw-p 00000000 00:00 0 
7f654eb42000-7f654eb59000 r-xp 00000000 08:15 4723573                    /lib/x86_64-linux-gnu/libnsl-2.27.so
7f654eb59000-7f654ed58000 ---p 00017000 08:15 4723573                    /lib/x86_64-linux-gnu/libnsl-2.27.so
7f654ed58000-7f654ed59000 r--p 00016000 08:15 4723573                    /lib/x86_64-linux-gnu/libnsl-2.27.so
7f654ed59000-7f654ed5a000 rw-p 00017000 08:15 4723573                    /lib/x86_64-linux-gnu/libnsl-2.27.so
7f654ed5a000-7f654ed5c000 rw-p 00000000 00:00 0 
7f654ed5c000-7f654ed67000 r-xp 00000000 08:15 4723590                    /lib/x86_64-linux-gnu/libnss_nis-2.27.so
7f654ed67000-7f654ef66000 ---p 0000b000 08:15 4723590                    /lib/x86_64-linux-gnu/libnss_nis-2.27.so
7f654ef66000-7f654ef67000 r--p 0000a000 08:15 4723590                    /lib/x86_64-linux-gnu/libnss_nis-2.27.so
7f654ef67000-7f654ef68000 rw-p 0000b000 08:15 4723590                    /lib/x86_64-linux-gnu/libnss_nis-2.27.so
7f654ef68000-7f654ef70000 r-xp 00000000 08:15 4723575                    /lib/x86_64-linux-gnu/libnss_compat-2.27.so
7f654ef70000-7f654f170000 ---p 00008000 08:15 4723575                    /lib/x86_64-linux-gnu/libnss_compat-2.27.so
7f654f170000-7f654f171000 r--p 00008000 08:15 4723575                    /lib/x86_64-linux-gnu/libnss_compat-2.27.so
7f654f171000-7f654f172000 rw-p 00009000 08:15 4723575                    /lib/x86_64-linux-gnu/libnss_compat-2.27.so
7f654f172000-7f654f19c000 r-xp 00000000 08:15 6164914                    /usr/lib/jvm/java-8-openjdk-amd64/jre/lib/amd64/libjava.so
7f654f19c000-7f654f39b000 ---p 0002a000 08:15 6164914                    /usr/lib/jvm/java-8-openjdk-amd64/jre/lib/amd64/libjava.so
7f654f39b000-7f654f39c000 r--p 00029000 08:15 6164914                    /usr/lib/jvm/java-8-openjdk-amd64/jre/lib/amd64/libjava.so
7f654f39c000-7f654f39e000 rw-p 0002a000 08:15 6164914                    /usr/lib/jvm/java-8-openjdk-amd64/jre/lib/amd64/libjava.so
7f654f39e000-7f654f3ae000 r-xp 00000000 08:15 6164938                    /usr/lib/jvm/java-8-openjdk-amd64/jre/lib/amd64/libverify.so
7f654f3ae000-7f654f5ad000 ---p 00010000 08:15 6164938                    /usr/lib/jvm/java-8-openjdk-amd64/jre/lib/amd64/libverify.so
7f654f5ad000-7f654f5af000 r--p 0000f000 08:15 6164938                    /usr/lib/jvm/java-8-openjdk-amd64/jre/lib/amd64/libverify.so
7f654f5af000-7f654f5b0000 rw-p 00011000 08:15 6164938                    /usr/lib/jvm/java-8-openjdk-amd64/jre/lib/amd64/libverify.so
7f654f5b0000-7f654f5b7000 r-xp 00000000 08:15 4723630                    /lib/x86_64-linux-gnu/librt-2.27.so
7f654f5b7000-7f654f7b6000 ---p 00007000 08:15 4723630                    /lib/x86_64-linux-gnu/librt-2.27.so
7f654f7b6000-7f654f7b7000 r--p 00006000 08:15 4723630                    /lib/x86_64-linux-gnu/librt-2.27.so
7f654f7b7000-7f654f7b8000 rw-p 00007000 08:15 4723630                    /lib/x86_64-linux-gnu/librt-2.27.so
7f654f7b8000-7f654f7cf000 r-xp 00000000 08:15 4723503                    /lib/x86_64-linux-gnu/libgcc_s.so.1
7f654f7cf000-7f654f9ce000 ---p 00017000 08:15 4723503                    /lib/x86_64-linux-gnu/libgcc_s.so.1
7f654f9ce000-7f654f9cf000 r--p 00016000 08:15 4723503                    /lib/x86_64-linux-gnu/libgcc_s.so.1
7f654f9cf000-7f654f9d0000 rw-p 00017000 08:15 4723503                    /lib/x86_64-linux-gnu/libgcc_s.so.1
7f654f9d0000-7f654fb6d000 r-xp 00000000 08:15 4723552                    /lib/x86_64-linux-gnu/libm-2.27.so
7f654fb6d000-7f654fd6c000 ---p 0019d000 08:15 4723552                    /lib/x86_64-linux-gnu/libm-2.27.so
7f654fd6c000-7f654fd6d000 r--p 0019c000 08:15 4723552                    /lib/x86_64-linux-gnu/libm-2.27.so
7f654fd6d000-7f654fd6e000 rw-p 0019d000 08:15 4723552                    /lib/x86_64-linux-gnu/libm-2.27.so
7f654fd6e000-7f654fee7000 r-xp 00000000 08:15 6160564                    /usr/lib/x86_64-linux-gnu/libstdc++.so.6.0.25
7f654fee7000-7f65500e7000 ---p 00179000 08:15 6160564                    /usr/lib/x86_64-linux-gnu/libstdc++.so.6.0.25
7f65500e7000-7f65500f1000 r--p 00179000 08:15 6160564                    /usr/lib/x86_64-linux-gnu/libstdc++.so.6.0.25
7f65500f1000-7f65500f3000 rw-p 00183000 08:15 6160564                    /usr/lib/x86_64-linux-gnu/libstdc++.so.6.0.25
7f65500f3000-7f65500f7000 rw-p 00000000 00:00 0 
7f65500f7000-7f6550d9a000 r-xp 00000000 08:15 6164942                    /usr/lib/jvm/java-8-openjdk-amd64/jre/lib/amd64/server/libjvm.so
7f6550d9a000-7f6550f9a000 ---p 00ca3000 08:15 6164942                    /usr/lib/jvm/java-8-openjdk-amd64/jre/lib/amd64/server/libjvm.so
7f6550f9a000-7f655102e000 r--p 00ca3000 08:15 6164942                    /usr/lib/jvm/java-8-openjdk-amd64/jre/lib/amd64/server/libjvm.so
7f655102e000-7f6551057000 rw-p 00d37000 08:15 6164942                    /usr/lib/jvm/java-8-openjdk-amd64/jre/lib/amd64/server/libjvm.so
7f6551057000-7f6551087000 rw-p 00000000 00:00 0 
7f6551087000-7f65510a1000 r-xp 00000000 08:15 4723622                    /lib/x86_64-linux-gnu/libpthread-2.27.so
7f65510a1000-7f65512a0000 ---p 0001a000 08:15 4723622                    /lib/x86_64-linux-gnu/libpthread-2.27.so
7f65512a0000-7f65512a1000 r--p 00019000 08:15 4723622                    /lib/x86_64-linux-gnu/libpthread-2.27.so
7f65512a1000-7f65512a2000 rw-p 0001a000 08:15 4723622                    /lib/x86_64-linux-gnu/libpthread-2.27.so
7f65512a2000-7f65512a6000 rw-p 00000000 00:00 0 
7f65512a6000-7f65512a9000 r-xp 00000000 08:15 4723512                    /lib/x86_64-linux-gnu/libdl-2.27.so
7f65512a9000-7f65514a8000 ---p 00003000 08:15 4723512                    /lib/x86_64-linux-gnu/libdl-2.27.so
7f65514a8000-7f65514a9000 r--p 00002000 08:15 4723512                    /lib/x86_64-linux-gnu/libdl-2.27.so
7f65514a9000-7f65514aa000 rw-p 00003000 08:15 4723512                    /lib/x86_64-linux-gnu/libdl-2.27.so
7f65514aa000-7f65514c6000 r-xp 00000000 08:15 4723661                    /lib/x86_64-linux-gnu/libz.so.1.2.11
7f65514c6000-7f65516c5000 ---p 0001c000 08:15 4723661                    /lib/x86_64-linux-gnu/libz.so.1.2.11
7f65516c5000-7f65516c6000 r--p 0001b000 08:15 4723661                    /lib/x86_64-linux-gnu/libz.so.1.2.11
7f65516c6000-7f65516c7000 rw-p 0001c000 08:15 4723661                    /lib/x86_64-linux-gnu/libz.so.1.2.11
7f65516c7000-7f65518ae000 r-xp 00000000 08:15 4723489                    /lib/x86_64-linux-gnu/libc-2.27.so
7f65518ae000-7f6551aae000 ---p 001e7000 08:15 4723489                    /lib/x86_64-linux-gnu/libc-2.27.so
7f6551aae000-7f6551ab2000 r--p 001e7000 08:15 4723489                    /lib/x86_64-linux-gnu/libc-2.27.so
7f6551ab2000-7f6551ab4000 rw-p 001eb000 08:15 4723489                    /lib/x86_64-linux-gnu/libc-2.27.so
7f6551ab4000-7f6551ab8000 rw-p 00000000 00:00 0 
7f6551ab8000-7f6551ac6000 r-xp 00000000 08:15 6164900                    /usr/lib/jvm/java-8-openjdk-amd64/jre/lib/amd64/jli/libjli.so
7f6551ac6000-7f6551cc5000 ---p 0000e000 08:15 6164900                    /usr/lib/jvm/java-8-openjdk-amd64/jre/lib/amd64/jli/libjli.so
7f6551cc5000-7f6551cc6000 r--p 0000d000 08:15 6164900                    /usr/lib/jvm/java-8-openjdk-amd64/jre/lib/amd64/jli/libjli.so
7f6551cc6000-7f6551cc7000 rw-p 0000e000 08:15 6164900                    /usr/lib/jvm/java-8-openjdk-amd64/jre/lib/amd64/jli/libjli.so
7f6551cc7000-7f6551cee000 r-xp 00000000 08:15 4723461                    /lib/x86_64-linux-gnu/ld-2.27.so
7f6551cee000-7f6551cef000 r--s 00010000 08:15 6164962                    /usr/lib/jvm/java-8-openjdk-amd64/jre/lib/ext/zipfs.jar
7f6551cef000-7f6551cf0000 r--s 0000d000 08:15 6164959                    /usr/lib/jvm/java-8-openjdk-amd64/jre/lib/ext/sunec.jar
7f6551cf0000-7f6551dd3000 rw-p 00000000 00:00 0 
7f6551dd3000-7f6551dd4000 ---p 00000000 00:00 0 
7f6551dd4000-7f6551dd7000 ---p 00000000 00:00 0 
7f6551dd7000-7f6551ed6000 rw-p 00000000 00:00 0 
7f6551ed6000-7f6551ed8000 r--s 00007000 08:15 267938                     /usr/share/java/java-atk-wrapper.jar
7f6551ed8000-7f6551ed9000 r--s 0000a000 08:15 6164956                    /usr/lib/jvm/java-8-openjdk-amd64/jre/lib/ext/jaccess.jar
7f6551ed9000-7f6551edd000 r--s 0003a000 08:15 6164961                    /usr/lib/jvm/java-8-openjdk-amd64/jre/lib/ext/sunpkcs11.jar
7f6551edd000-7f6551ee2000 r--s 0003d000 08:15 6164960                    /usr/lib/jvm/java-8-openjdk-amd64/jre/lib/ext/sunjce_provider.jar
7f6551ee2000-7f6551eea000 rw-s 00000000 08:15 4067607                    /tmp/hsperfdata_mary/23365
7f6551eea000-7f6551eeb000 rw-p 00000000 00:00 0 
7f6551eeb000-7f6551eec000 ---p 00000000 00:00 0 
7f6551eec000-7f6551eee000 rw-p 00000000 00:00 0 
7f6551eee000-7f6551eef000 r--p 00027000 08:15 4723461                    /lib/x86_64-linux-gnu/ld-2.27.so
7f6551eef000-7f6551ef0000 rw-p 00028000 08:15 4723461                    /lib/x86_64-linux-gnu/ld-2.27.so
7f6551ef0000-7f6551ef1000 rw-p 00000000 00:00 0 
7fffcb72b000-7fffcb74c000 rw-p 00000000 00:00 0                          [stack]
7fffcb7cb000-7fffcb7ce000 r--p 00000000 00:00 0                          [vvar]
7fffcb7ce000-7fffcb7d0000 r-xp 00000000 00:00 0                          [vdso]
ffffffffff600000-ffffffffff601000 r-xp 00000000 00:00 0                  [vsyscall]

VM Arguments:
java_command: /home/mary/projetcs/springBootServices/eurekaServer/target/eurekaServer-0.0.1-SNAPSHOT.jar
java_class_path (initial): /home/mary/projetcs/springBootServices/eurekaServer/target/eurekaServer-0.0.1-SNAPSHOT.jar
Launcher Type: SUN_STANDARD

Environment Variables:
PATH=/usr/local/sbin:/usr/local/bin:/usr/sbin:/usr/bin:/sbin:/bin:/usr/games:/usr/local/games:/snap/bin
USERNAME=mary
SHELL=/bin/bash
DISPLAY=:0

Signal Handlers:
SIGSEGV: [libjvm.so+0xabc3b0], sa_mask[0]=11111111011111111101111111111110, sa_flags=SA_RESTART|SA_SIGINFO
SIGBUS: [libjvm.so+0xabc3b0], sa_mask[0]=11111111011111111101111111111110, sa_flags=SA_RESTART|SA_SIGINFO
SIGFPE: [libjvm.so+0x8f0bb0], sa_mask[0]=11111111011111111101111111111110, sa_flags=SA_RESTART|SA_SIGINFO
SIGPIPE: [libjvm.so+0x8f0bb0], sa_mask[0]=11111111011111111101111111111110, sa_flags=SA_RESTART|SA_SIGINFO
SIGXFSZ: [libjvm.so+0x8f0bb0], sa_mask[0]=11111111011111111101111111111110, sa_flags=SA_RESTART|SA_SIGINFO
SIGILL: [libjvm.so+0x8f0bb0], sa_mask[0]=11111111011111111101111111111110, sa_flags=SA_RESTART|SA_SIGINFO
SIGUSR1: SIG_DFL, sa_mask[0]=00000000000000000000000000000000, sa_flags=none
SIGUSR2: [libjvm.so+0x8f0a60], sa_mask[0]=00000000000000000000000000000000, sa_flags=SA_RESTART|SA_SIGINFO
SIGHUP: [libjvm.so+0x8f10d0], sa_mask[0]=11111111011111111101111111111110, sa_flags=SA_RESTART|SA_SIGINFO
SIGINT: SIG_IGN, sa_mask[0]=00000000000000000000000000000000, sa_flags=none
SIGTERM: [libjvm.so+0x8f10d0], sa_mask[0]=11111111011111111101111111111110, sa_flags=SA_RESTART|SA_SIGINFO
SIGQUIT: [libjvm.so+0x8f10d0], sa_mask[0]=11111111011111111101111111111110, sa_flags=SA_RESTART|SA_SIGINFO


---------------  S Y S T E M  ---------------

OS:DISTRIB_ID=Ubuntu
DISTRIB_RELEASE=18.04
DISTRIB_CODENAME=bionic
DISTRIB_DESCRIPTION="Ubuntu 18.04 LTS"

uname:Linux 4.15.0-91-generic #92-Ubuntu SMP Fri Feb 28 11:09:48 UTC 2020 x86_64
libc:glibc 2.27 NPTL 2.27 
rlimit: STACK 8192k, CORE 0k, NPROC 46750, NOFILE 4096, AS infinity
load average:180.33 196.57 143.59

/proc/meminfo:
MemTotal:       12144360 kB
MemFree:          294656 kB
MemAvailable:     236152 kB
Buffers:            8900 kB
Cached:           820216 kB
SwapCached:         3596 kB
Active:         10134776 kB
Inactive:        1208752 kB
Active(anon):   10095324 kB
Inactive(anon):  1135596 kB
Active(file):      39452 kB
Inactive(file):    73156 kB
Unevictable:          48 kB
Mlocked:              48 kB
SwapTotal:       2097148 kB
SwapFree:            160 kB
Dirty:               368 kB
Writeback:             8 kB
AnonPages:      10511368 kB
Mapped:            75916 kB
Shmem:            715916 kB
Slab:             243336 kB
SReclaimable:      82384 kB
SUnreclaim:       160952 kB
KernelStack:       34224 kB
PageTables:       110368 kB
NFS_Unstable:          0 kB
Bounce:                0 kB
WritebackTmp:          0 kB
CommitLimit:     8169328 kB
Committed_AS:   30823528 kB
VmallocTotal:   34359738367 kB
VmallocUsed:           0 kB
VmallocChunk:          0 kB
HardwareCorrupted:     0 kB
AnonHugePages:         0 kB
ShmemHugePages:        0 kB
ShmemPmdMapped:        0 kB
CmaTotal:              0 kB
CmaFree:               0 kB
HugePages_Total:       0
HugePages_Free:        0
HugePages_Rsvd:        0
HugePages_Surp:        0
Hugepagesize:       2048 kB
DirectMap4k:      419668 kB
DirectMap2M:     9914368 kB
DirectMap1G:     2097152 kB

container (cgroup) information:
container_type: cgroupv1
cpu_cpuset_cpus: 0-7
cpu_memory_nodes: 0
active_processor_count: 8
cpu_quota: -1
cpu_period: 100000
cpu_shares: -1
memory_limit_in_bytes: -1
memory_and_swap_limit_in_bytes: -2
memory_soft_limit_in_bytes: -1
memory_usage_in_bytes: 11540852736
memory_max_usage_in_bytes: 11752542208


CPU:total 8 (initial active 8) (4 cores per cpu, 2 threads per core) family 6 model 142 stepping 11, cmov, cx8, fxsr, mmx, sse, sse2, sse3, ssse3, sse4.1, sse4.2, popcnt, avx, avx2, aes, clmul, erms, 3dnowpref, lzcnt, ht, tsc, tscinvbit, bmi1, bmi2, adx

/proc/cpuinfo:
processor	: 0
vendor_id	: GenuineIntel
cpu family	: 6
model		: 142
model name	: Intel(R) Core(TM) i7-8565U CPU @ 1.80GHz
stepping	: 11
microcode	: 0xca
cpu MHz		: 912.548
cache size	: 8192 KB
physical id	: 0
siblings	: 8
core id		: 0
cpu cores	: 4
apicid		: 0
initial apicid	: 0
fpu		: yes
fpu_exception	: yes
cpuid level	: 22
wp		: yes
flags		: fpu vme de pse tsc msr pae mce cx8 apic sep mtrr pge mca cmov pat pse36 clflush dts acpi mmx fxsr sse sse2 ss ht tm pbe syscall nx pdpe1gb rdtscp lm constant_tsc art arch_perfmon pebs bts rep_good nopl xtopology nonstop_tsc cpuid aperfmperf tsc_known_freq pni pclmulqdq dtes64 monitor ds_cpl vmx est tm2 ssse3 sdbg fma cx16 xtpr pdcm pcid sse4_1 sse4_2 x2apic movbe popcnt tsc_deadline_timer aes xsave avx f16c rdrand lahf_lm abm 3dnowprefetch cpuid_fault epb invpcid_single ssbd ibrs ibpb stibp tpr_shadow vnmi flexpriority ept vpid fsgsbase tsc_adjust bmi1 avx2 smep bmi2 erms invpcid mpx rdseed adx smap clflushopt intel_pt xsaveopt xsavec xgetbv1 xsaves dtherm ida arat pln pts hwp hwp_notify hwp_act_window hwp_epp md_clear flush_l1d arch_capabilities
bugs		: spectre_v1 spectre_v2 spec_store_bypass mds swapgs itlb_multihit
bogomips	: 3984.00
clflush size	: 64
cache_alignment	: 64
address sizes	: 39 bits physical, 48 bits virtual
power management:

processor	: 1
vendor_id	: GenuineIntel
cpu family	: 6
model		: 142
model name	: Intel(R) Core(TM) i7-8565U CPU @ 1.80GHz
stepping	: 11
microcode	: 0xca
cpu MHz		: 900.987
cache size	: 8192 KB
physical id	: 0
siblings	: 8
core id		: 1
cpu cores	: 4
apicid		: 2
initial apicid	: 2
fpu		: yes
fpu_exception	: yes
cpuid level	: 22
wp		: yes
flags		: fpu vme de pse tsc msr pae mce cx8 apic sep mtrr pge mca cmov pat pse36 clflush dts acpi mmx fxsr sse sse2 ss ht tm pbe syscall nx pdpe1gb rdtscp lm constant_tsc art arch_perfmon pebs bts rep_good nopl xtopology nonstop_tsc cpuid aperfmperf tsc_known_freq pni pclmulqdq dtes64 monitor ds_cpl vmx est tm2 ssse3 sdbg fma cx16 xtpr pdcm pcid sse4_1 sse4_2 x2apic movbe popcnt tsc_deadline_timer aes xsave avx f16c rdrand lahf_lm abm 3dnowprefetch cpuid_fault epb invpcid_single ssbd ibrs ibpb stibp tpr_shadow vnmi flexpriority ept vpid fsgsbase tsc_adjust bmi1 avx2 smep bmi2 erms invpcid mpx rdseed adx smap clflushopt intel_pt xsaveopt xsavec xgetbv1 xsaves dtherm ida arat pln pts hwp hwp_notify hwp_act_window hwp_epp md_clear flush_l1d arch_capabilities
bugs		: spectre_v1 spectre_v2 spec_store_bypass mds swapgs itlb_multihit
bogomips	: 3984.00
clflush size	: 64
cache_alignment	: 64
address sizes	: 39 bits physical, 48 bits virtual
power management:

processor	: 2
vendor_id	: GenuineIntel
cpu family	: 6
model		: 142
model name	: Intel(R) Core(TM) i7-8565U CPU @ 1.80GHz
stepping	: 11
microcode	: 0xca
cpu MHz		: 900.739
cache size	: 8192 KB
physical id	: 0
siblings	: 8
core id		: 2
cpu cores	: 4
apicid		: 4
initial apicid	: 4
fpu		: yes
fpu_exception	: yes
cpuid level	: 22
wp		: yes
flags		: fpu vme de pse tsc msr pae mce cx8 apic sep mtrr pge mca cmov pat pse36 clflush dts acpi mmx fxsr sse sse2 ss ht tm pbe syscall nx pdpe1gb rdtscp lm constant_tsc art arch_perfmon pebs bts rep_good nopl xtopology nonstop_tsc cpuid aperfmperf tsc_known_freq pni pclmulqdq dtes64 monitor ds_cpl vmx est tm2 ssse3 sdbg fma cx16 xtpr pdcm pcid sse4_1 sse4_2 x2apic movbe popcnt tsc_deadline_timer aes xsave avx f16c rdrand lahf_lm abm 3dnowprefetch cpuid_fault epb invpcid_single ssbd ibrs ibpb stibp tpr_shadow vnmi flexpriority ept vpid fsgsbase tsc_adjust bmi1 avx2 smep bmi2 erms invpcid mpx rdseed adx smap clflushopt intel_pt xsaveopt xsavec xgetbv1 xsaves dtherm ida arat pln pts hwp hwp_notify hwp_act_window hwp_epp md_clear flush_l1d arch_capabilities
bugs		: spectre_v1 spectre_v2 spec_store_bypass mds swapgs itlb_multihit
bogomips	: 3984.00
clflush size	: 64
cache_alignment	: 64
address sizes	: 39 bits physical, 48 bits virtual
power management:

processor	: 3
vendor_id	: GenuineIntel
cpu family	: 6
model		: 142
model name	: Intel(R) Core(TM) i7-8565U CPU @ 1.80GHz
stepping	: 11
microcode	: 0xca
cpu MHz		: 908.135
cache size	: 8192 KB
physical id	: 0
siblings	: 8
core id		: 3
cpu cores	: 4
apicid		: 6
initial apicid	: 6
fpu		: yes
fpu_exception	: yes
cpuid level	: 22
wp		: yes
flags		: fpu vme de pse tsc msr pae mce cx8 apic sep mtrr pge mca cmov pat pse36 clflush dts acpi mmx fxsr sse sse2 ss ht tm pbe syscall nx pdpe1gb rdtscp lm constant_tsc art arch_perfmon pebs bts rep_good nopl xtopology nonstop_tsc cpuid aperfmperf tsc_known_freq pni pclmulqdq dtes64 monitor ds_cpl vmx est tm2 ssse3 sdbg fma cx16 xtpr pdcm pcid sse4_1 sse4_2 x2apic movbe popcnt tsc_deadline_timer aes xsave avx f16c rdrand lahf_lm abm 3dnowprefetch cpuid_fault epb invpcid_single ssbd ibrs ibpb stibp tpr_shadow vnmi flexpriority ept vpid fsgsbase tsc_adjust bmi1 avx2 smep bmi2 erms invpcid mpx rdseed adx smap clflushopt intel_pt xsaveopt xsavec xgetbv1 xsaves dtherm ida arat pln pts hwp hwp_notify hwp_act_window hwp_epp md_clear flush_l1d arch_capabilities
bugs		: spectre_v1 spectre_v2 spec_store_bypass mds swapgs itlb_multihit
bogomips	: 3984.00
clflush size	: 64
cache_alignment	: 64
address sizes	: 39 bits physical, 48 bits virtual
power management:

processor	: 4
vendor_id	: GenuineIntel
cpu family	: 6
model		: 142
model name	: Intel(R) Core(TM) i7-8565U CPU @ 1.80GHz
stepping	: 11
microcode	: 0xca
cpu MHz		: 900.911
cache size	: 8192 KB
physical id	: 0
siblings	: 8
core id		: 0
cpu cores	: 4
apicid		: 1
initial apicid	: 1
fpu		: yes
fpu_exception	: yes
cpuid level	: 22
wp		: yes
flags		: fpu vme de pse tsc msr pae mce cx8 apic sep mtrr pge mca cmov pat pse36 clflush dts acpi mmx fxsr sse sse2 ss ht tm pbe syscall nx pdpe1gb rdtscp lm constant_tsc art arch_perfmon pebs bts rep_good nopl xtopology nonstop_tsc cpuid aperfmperf tsc_known_freq pni pclmulqdq dtes64 monitor ds_cpl vmx est tm2 ssse3 sdbg fma cx16 xtpr pdcm pcid sse4_1 sse4_2 x2apic movbe popcnt tsc_deadline_timer aes xsave avx f16c rdrand lahf_lm abm 3dnowprefetch cpuid_fault epb invpcid_single ssbd ibrs ibpb stibp tpr_shadow vnmi flexpriority ept vpid fsgsbase tsc_adjust bmi1 avx2 smep bmi2 erms invpcid mpx rdseed adx smap clflushopt intel_pt xsaveopt xsavec xgetbv1 xsaves dtherm ida arat pln pts hwp hwp_notify hwp_act_window hwp_epp md_clear flush_l1d arch_capabilities
bugs		: spectre_v1 spectre_v2 spec_store_bypass mds swapgs itlb_multihit
bogomips	: 3984.00
clflush size	: 64
cache_alignment	: 64
address sizes	: 39 bits physical, 48 bits virtual
power management:

processor	: 5
vendor_id	: GenuineIntel
cpu family	: 6
model		: 142
model name	: Intel(R) Core(TM) i7-8565U CPU @ 1.80GHz
stepping	: 11
microcode	: 0xca
cpu MHz		: 903.548
cache size	: 8192 KB
physical id	: 0
siblings	: 8
core id		: 1
cpu cores	: 4
apicid		: 3
initial apicid	: 3
fpu		: yes
fpu_exception	: yes
cpuid level	: 22
wp		: yes
flags		: fpu vme de pse tsc msr pae mce cx8 apic sep mtrr pge mca cmov pat pse36 clflush dts acpi mmx fxsr sse sse2 ss ht tm pbe syscall nx pdpe1gb rdtscp lm constant_tsc art arch_perfmon pebs bts rep_good nopl xtopology nonstop_tsc cpuid aperfmperf tsc_known_freq pni pclmulqdq dtes64 monitor ds_cpl vmx est tm2 ssse3 sdbg fma cx16 xtpr pdcm pcid sse4_1 sse4_2 x2apic movbe popcnt tsc_deadline_timer aes xsave avx f16c rdrand lahf_lm abm 3dnowprefetch cpuid_fault epb invpcid_single ssbd ibrs ibpb stibp tpr_shadow vnmi flexpriority ept vpid fsgsbase tsc_adjust bmi1 avx2 smep bmi2 erms invpcid mpx rdseed adx smap clflushopt intel_pt xsaveopt xsavec xgetbv1 xsaves dtherm ida arat pln pts hwp hwp_notify hwp_act_window hwp_epp md_clear flush_l1d arch_capabilities
bugs		: spectre_v1 spectre_v2 spec_store_bypass mds swapgs itlb_multihit
bogomips	: 3984.00
clflush size	: 64
cache_alignment	: 64
address sizes	: 39 bits physical, 48 bits virtual
power management:

processor	: 6
vendor_id	: GenuineIntel
cpu family	: 6
model		: 142
model name	: Intel(R) Core(TM) i7-8565U CPU @ 1.80GHz
stepping	: 11
microcode	: 0xca
cpu MHz		: 935.766
cache size	: 8192 KB
physical id	: 0
siblings	: 8
core id		: 2
cpu cores	: 4
apicid		: 5
initial apicid	: 5
fpu		: yes
fpu_exception	: yes
cpuid level	: 22
wp		: yes
flags		: fpu vme de pse tsc msr pae mce cx8 apic sep mtrr pge mca cmov pat pse36 clflush dts acpi mmx fxsr sse sse2 ss ht tm pbe syscall nx pdpe1gb rdtscp lm constant_tsc art arch_perfmon pebs bts rep_good nopl xtopology nonstop_tsc cpuid aperfmperf tsc_known_freq pni pclmulqdq dtes64 monitor ds_cpl vmx est tm2 ssse3 sdbg fma cx16 xtpr pdcm pcid sse4_1 sse4_2 x2apic movbe popcnt tsc_deadline_timer aes xsave avx f16c rdrand lahf_lm abm 3dnowprefetch cpuid_fault epb invpcid_single ssbd ibrs ibpb stibp tpr_shadow vnmi flexpriority ept vpid fsgsbase tsc_adjust bmi1 avx2 smep bmi2 erms invpcid mpx rdseed adx smap clflushopt intel_pt xsaveopt xsavec xgetbv1 xsaves dtherm ida arat pln pts hwp hwp_notify hwp_act_window hwp_epp md_clear flush_l1d arch_capabilities
bugs		: spectre_v1 spectre_v2 spec_store_bypass mds swapgs itlb_multihit
bogomips	: 3984.00
clflush size	: 64
cache_alignment	: 64
address sizes	: 39 bits physical, 48 bits virtual
power management:

processor	: 7
vendor_id	: GenuineIntel
cpu family	: 6
model		: 142
model name	: Intel(R) Core(TM) i7-8565U CPU @ 1.80GHz
stepping	: 11
microcode	: 0xca
cpu MHz		: 917.282
cache size	: 8192 KB
physical id	: 0
siblings	: 8
core id		: 3
cpu cores	: 4
apicid		: 7
initial apicid	: 7
fpu		: yes
fpu_exception	: yes
cpuid level	: 22
wp		: yes
flags		: fpu vme de pse tsc msr pae mce cx8 apic sep mtrr pge mca cmov pat pse36 clflush dts acpi mmx fxsr sse sse2 ss ht tm pbe syscall nx pdpe1gb rdtscp lm constant_tsc art arch_perfmon pebs bts rep_good nopl xtopology nonstop_tsc cpuid aperfmperf tsc_known_freq pni pclmulqdq dtes64 monitor ds_cpl vmx est tm2 ssse3 sdbg fma cx16 xtpr pdcm pcid sse4_1 sse4_2 x2apic movbe popcnt tsc_deadline_timer aes xsave avx f16c rdrand lahf_lm abm 3dnowprefetch cpuid_fault epb invpcid_single ssbd ibrs ibpb stibp tpr_shadow vnmi flexpriority ept vpid fsgsbase tsc_adjust bmi1 avx2 smep bmi2 erms invpcid mpx rdseed adx smap clflushopt intel_pt xsaveopt xsavec xgetbv1 xsaves dtherm ida arat pln pts hwp hwp_notify hwp_act_window hwp_epp md_clear flush_l1d arch_capabilities
bugs		: spectre_v1 spectre_v2 spec_store_bypass mds swapgs itlb_multihit
bogomips	: 3984.00
clflush size	: 64
cache_alignment	: 64
address sizes	: 39 bits physical, 48 bits virtual
power management:



Memory: 4k page, physical 12144360k(288952k free), swap 2097148k(168k free)

vm_info: OpenJDK 64-Bit Server VM (25.242-b08) for linux-amd64 JRE (1.8.0_242-8u242-b08-0ubuntu3~18.04-b08), built on Jan 17 2020 23:41:21 by "buildd" with gcc 7.4.0

time: Thu Apr  9 21:37:14 2020
timezone: +0430
elapsed time: 1161 seconds (0d 0h 19m 21s)

