#
# There is insufficient memory for the Java Runtime Environment to continue.
# Native memory allocation (mmap) failed to map 143130624 bytes for committing reserved memory.
# Possible reasons:
#   The system is out of physical RAM or swap space
#   The process is running with CompressedOops enabled, and the Java Heap may be blocking the growth of the native heap
# Possible solutions:
#   Reduce memory load on the system
#   Increase physical memory or swap space
#   Check if swap backing store is full
#   Decrease Java heap size (-Xmx/-Xms)
#   Decrease number of Java threads
#   Decrease Java thread stack sizes (-Xss)
#   Set larger code cache with -XX:ReservedCodeCacheSize=
#   JVM is running with Zero Based Compressed Oops mode in which the Java heap is
#     placed in the first 32GB address space. The Java Heap base address is the
#     maximum limit for the native heap growth. Please use -XX:HeapBaseMinAddress
#     to set the Java Heap base and to place the Java Heap above 32GB virtual address.
# This output file may be truncated or incomplete.
#
#  Out of Memory Error (os_linux.cpp:2757), pid=9991, tid=0x00007f3dc1e4a700
#
# JRE version: OpenJDK Runtime Environment (8.0_242-b08) (build 1.8.0_242-8u242-b08-0ubuntu3~18.04-b08)
# Java VM: OpenJDK 64-Bit Server VM (25.242-b08 mixed mode linux-amd64 compressed oops)
# Failed to write core dump. Core dumps have been disabled. To enable core dumping, try "ulimit -c unlimited" before starting Java again
#

---------------  T H R E A D  ---------------

Current thread (0x00007f3df81c8000):  VMThread [stack: 0x00007f3dc1d4b000,0x00007f3dc1e4b000] [id=10042]

Stack: [0x00007f3dc1d4b000,0x00007f3dc1e4b000],  sp=0x00007f3dc1e49470,  free space=1017k
Native frames: (J=compiled Java code, j=interpreted, Vv=VM code, C=native code)
V  [libjvm.so+0xabba52]
V  [libjvm.so+0x4de2e7]
V  [libjvm.so+0x8f59f0]
V  [libjvm.so+0x8ecabe]
V  [libjvm.so+0x970456]
V  [libjvm.so+0x9717c8]
V  [libjvm.so+0x96ddc6]
V  [libjvm.so+0x96e15c]
V  [libjvm.so+0x91cc28]
V  [libjvm.so+0xabd792]
V  [libjvm.so+0xac2336]
V  [libjvm.so+0xac0635]
V  [libjvm.so+0xac0f0d]
V  [libjvm.so+0xac1318]
V  [libjvm.so+0x8f2d82]

VM_Operation (0x00007f3d539f72b0): ParallelGCFailedAllocation, mode: safepoint, requested by thread 0x00007f3d6c001000


---------------  P R O C E S S  ---------------

Java Threads: ( => current thread )
  0x00007f3d78001000 JavaThread "AsyncResolver-bootstrap-executor-0" daemon [_thread_blocked, id=11243, stack(0x00007f3d534f7000,0x00007f3d535f8000)]
  0x00007f3d70001000 JavaThread "DiscoveryClient-HeartbeatExecutor-0" daemon [_thread_blocked, id=10756, stack(0x00007f3d537f8000,0x00007f3d538f9000)]
  0x00007f3d6c001000 JavaThread "DiscoveryClient-CacheRefreshExecutor-0" daemon [_thread_blocked, id=10755, stack(0x00007f3d538f9000,0x00007f3d539fa000)]
  0x00007f3df800b800 JavaThread "DestroyJavaVM" [_thread_blocked, id=9996, stack(0x00007f3e0237b000,0x00007f3e0247b000)]
  0x00007f3df9b08000 JavaThread "http-nio-7070-Acceptor" daemon [_thread_in_native, id=10392, stack(0x00007f3d539fa000,0x00007f3d53afb000)]
  0x00007f3df9af3800 JavaThread "http-nio-7070-ClientPoller" daemon [_thread_blocked, id=10391, stack(0x00007f3d53afb000,0x00007f3d53bfc000)]
  0x00007f3df9aee000 JavaThread "http-nio-7070-exec-10" daemon [_thread_blocked, id=10390, stack(0x00007f3d53bfc000,0x00007f3d53cfd000)]
  0x00007f3df9aec000 JavaThread "http-nio-7070-exec-9" daemon [_thread_blocked, id=10389, stack(0x00007f3d53cfd000,0x00007f3d53dfe000)]
  0x00007f3df9aea000 JavaThread "http-nio-7070-exec-8" daemon [_thread_blocked, id=10388, stack(0x00007f3d53dfe000,0x00007f3d53eff000)]
  0x00007f3df9ae8800 JavaThread "http-nio-7070-exec-7" daemon [_thread_blocked, id=10387, stack(0x00007f3d53eff000,0x00007f3d54000000)]
  0x00007f3df9ae6800 JavaThread "http-nio-7070-exec-6" daemon [_thread_blocked, id=10386, stack(0x00007f3d90077000,0x00007f3d90178000)]
  0x00007f3df9ae4800 JavaThread "http-nio-7070-exec-5" daemon [_thread_blocked, id=10385, stack(0x00007f3d90178000,0x00007f3d90279000)]
  0x00007f3df9ae2800 JavaThread "http-nio-7070-exec-4" daemon [_thread_blocked, id=10384, stack(0x00007f3d90279000,0x00007f3d9037a000)]
  0x00007f3df9ae0800 JavaThread "http-nio-7070-exec-3" daemon [_thread_blocked, id=10383, stack(0x00007f3d9037a000,0x00007f3d9047b000)]
  0x00007f3df9adf000 JavaThread "http-nio-7070-exec-2" daemon [_thread_blocked, id=10382, stack(0x00007f3d9047b000,0x00007f3d9057c000)]
  0x00007f3df9ade000 JavaThread "http-nio-7070-exec-1" daemon [_thread_blocked, id=10381, stack(0x00007f3d9057c000,0x00007f3d9067d000)]
  0x00007f3df9ad2000 JavaThread "http-nio-7070-BlockPoller" daemon [_thread_blocked, id=10380, stack(0x00007f3d9067d000,0x00007f3d9077e000)]
  0x00007f3df9ab2000 JavaThread "DiscoveryClient-InstanceInfoReplicator-0" daemon [_thread_blocked, id=10378, stack(0x00007f3d9077e000,0x00007f3d9087f000)]
  0x00007f3df9aa8000 JavaThread "DiscoveryClient-1" daemon [_thread_blocked, id=10377, stack(0x00007f3d9087f000,0x00007f3d90980000)]
  0x00007f3df9aa5800 JavaThread "DiscoveryClient-0" daemon [_thread_blocked, id=10375, stack(0x00007f3d90980000,0x00007f3d90a81000)]
  0x00007f3df8a44000 JavaThread "AsyncResolver-bootstrap-0" daemon [_thread_blocked, id=10374, stack(0x00007f3d90a81000,0x00007f3d90b82000)]
  0x00007f3df9306000 JavaThread "Eureka-JerseyClient-Conn-Cleaner2" daemon [_thread_blocked, id=10371, stack(0x00007f3d90d82000,0x00007f3d90e83000)]
  0x00007f3df97ce800 JavaThread "spring.cloud.inetutils" daemon [_thread_blocked, id=10344, stack(0x00007f3d91083000,0x00007f3d91184000)]
  0x00007f3df8e03800 JavaThread "CleanCursors-1-thread-1" daemon [_thread_blocked, id=10280, stack(0x00007f3d91784000,0x00007f3d91885000)]
  0x00007f3df8b4d800 JavaThread "cluster-ClusterId{value='5e8dcc5f253feb270709690c', description='null'}-localhost:27017" daemon [_thread_blocked, id=10279, stack(0x00007f3d91885000,0x00007f3d91986000)]
  0x00007f3df8c88000 JavaThread "container-0" [_thread_blocked, id=10272, stack(0x00007f3d91fb2000,0x00007f3d920b3000)]
  0x00007f3d9838c800 JavaThread "Catalina-utility-2" [_thread_blocked, id=10271, stack(0x00007f3d93cff000,0x00007f3d93e00000)]
  0x00007f3df8ca4000 JavaThread "Catalina-utility-1" [_thread_blocked, id=10270, stack(0x00007f3dc025f000,0x00007f3dc0360000)]
  0x00007f3df8213000 JavaThread "Service Thread" daemon [_thread_blocked, id=10087, stack(0x00007f3dc088c000,0x00007f3dc098d000)]
  0x00007f3df8210800 JavaThread "C1 CompilerThread3" daemon [_thread_blocked, id=10086, stack(0x00007f3dc098e000,0x00007f3dc0a8e000)]
  0x00007f3df820e000 JavaThread "C2 CompilerThread2" daemon [_thread_blocked, id=10083, stack(0x00007f3dc0a8f000,0x00007f3dc0b8f000)]
  0x00007f3df820c800 JavaThread "C2 CompilerThread1" daemon [_thread_blocked, id=10081, stack(0x00007f3dc0b90000,0x00007f3dc0c90000)]
  0x00007f3df8209800 JavaThread "C2 CompilerThread0" daemon [_thread_blocked, id=10076, stack(0x00007f3dc0c91000,0x00007f3dc0d91000)]
  0x00007f3df8208000 JavaThread "Signal Dispatcher" daemon [_thread_blocked, id=10074, stack(0x00007f3dc0d91000,0x00007f3dc0e92000)]
  0x00007f3df81d6800 JavaThread "Finalizer" daemon [_thread_blocked, id=10052, stack(0x00007f3dc1b48000,0x00007f3dc1c49000)]
  0x00007f3df81d2000 JavaThread "Reference Handler" daemon [_thread_blocked, id=10047, stack(0x00007f3dc1c49000,0x00007f3dc1d4a000)]

Other Threads:
=>0x00007f3df81c8000 VMThread [stack: 0x00007f3dc1d4b000,0x00007f3dc1e4b000] [id=10042]
  0x00007f3df8215800 WatcherThread [stack: 0x00007f3dc078c000,0x00007f3dc088c000] [id=10088]

VM state:at safepoint (normal execution)

VM Mutex/Monitor currently owned by a thread:  ([mutex/lock_event])
[0x00007f3df8007b70] Threads_lock - owner thread: 0x00007f3df81c8000
[0x00007f3df8008070] Heap_lock - owner thread: 0x00007f3d6c001000

